[+] Containers:
 |- [+] Container: /Game/_GENERATED/Yun/basic
 |- ContainerInstances:
 |- [+] MainContainer:
 |   |-        ID: 00000000000000000000000000000000
 |   |-  ParentID: 00000000000000000000000000000000
 |   |-    Bounds: IsValid=false, Min=(X=0.000 Y=0.000 Z=0.000), Max=(X=0.000 Y=0.000 Z=0.000)
 |   |- Transform: 0.000000,0.000000,0.000000|0.000000,0.000000,-0.000000|1.000000,1.000000,1.000000
 |   |- Container: /Game/_GENERATED/Yun/basic
----------------------------------------------------------------------------------------------------------------
basic - Persistent Level
----------------------------------------------------------------------------------------------------------------
[+] Content of basic Persistent Level
 |- Always loaded Actor Count: 4 
 |- Actor Path: /Game/_GENERATED/Yun/basic.basic:PersistentLevel.Brush_0
 |- Actor Package: /Game/_GENERATED/Yun/basic
 |- Actor Path: /Game/_GENERATED/Yun/basic.basic:PersistentLevel.DefaultPhysicsVolume_0
 |- Actor Package: /Game/_GENERATED/Yun/basic
 |- Actor Path: /Game/map/Desert.Desert:PersistentLevel.WorldDataLayers
 |- Actor Package: /Game/__ExternalActors__/basic/5/AZ/9RGSYM59CKM2C4FTMAXJC8
 |- Actor Path: /Game/_GENERATED/Yun/basic.basic:PersistentLevel.WorldSettings
 |- Actor Package: /Game/_GENERATED/Yun/basic

----------------------------------------------------------------------------------------------------------------
basic - Runtime Spatial Hash - Streaming Grid - MainGrid
----------------------------------------------------------------------------------------------------------------
            Origin: X=0.000 Y=0.000 Z=0.000
         Cell Size: 25600
      World Bounds: IsValid=false, Min=(X=0.000 Y=0.000 Z=0.000), Max=(X=0.000 Y=0.000 Z=0.000)
     Loading Range: 76800.00
Block Slow Loading: No
 ClientOnlyVisible: No
            Origin: X=0.000 Y=0.000 Z=0.000

[+] Grid Levels: 1
 |- Level  0: Cell Count    0 | Cell Size   25600 | Actor Count    0 (0.0%)

[+] Content of Grid Level 0

